<?xml version="1.0" encoding="UTF-8" ?>
<testsuites>
  <testsuite failures="1" hostname="HDC3-L-5CC9NN2" id="0" name="Adope_Demo/tests" package="" skipped="0" tests="1" time="0.016" timestamp="Wed Jan 16 11:34:59 IST 2019">
	    <properties>
		      <property name="excludeCallableTestCases" value="false" />

		      <property name="testEnvironment" value="" />

		      <property name="pluginOutputLevel" value="WARNING" />

		      <property name="projectPath" value="C:/Users/naresh.nadimpalli/Documents/prover-testcases" />

		      <property name="salesforceMetadataCache" value="Reuse" />

		      <property name="resultsPathDisposition" value="Increment" />

		      <property name="testOutputLevel" value="WARNING" />

		      <property name="webBrowserType" value="Google Chrome" />

		      <property name="resultsPath" value="C:/Users/naresh.nadimpalli/Documents/prover-testcases/ANT/Results" />

		      <property name="webBrowserConfiguration" value="Full Screen" />

		      <property name="projectCachePath" value="C:\Users\naresh.nadimpalli\Documents\prover-testcases\ANT\..\..\.provarCaches" />

	    </properties>

	    <testcase classname="tests/ConnectTestCase.testcase" name="ConnectTestCase.testcase" time="0.014">
		      <failure message="Execution failed"><![CDATA[Test API not found for Api Call.  Test Step: Salesforce Connect: Adope_Sandbox (Test), id: IdentifierImpl{id=com.provar.plugins.forcedotcom.core.testapis.ApexConnect}]]></failure>

	    </testcase>

  </testsuite>
</testsuites>
